2026-05-18 14:32:15,149 ERROR [base.py(fd_element:33)] - 元素定位超时，定位信息：('xpath', "//*[contains(text(), '用户已存在')]")，错误详情：Message: 
Stacktrace:
	msedgedriver!GetHandleVerifier [0x7ff73188e295+e0f5]
	msedgedriver!GetHandleVerifier [0x7ff73188e2f4+e154]
	msedgedriver!GetHandleVerifier [0x7ff731c08bca+388a2a]
	msedgedriver!(No symbol) [0x7ff731603e3c]
	msedgedriver!(No symbol) [0x7ff7316040a5]
	msedgedriver!(No symbol) [0x7ff731641357]
	msedgedriver!(No symbol) [0x7ff7315faaa7]
	msedgedriver!(No symbol) [0x7ff73163f0b2]
	msedgedriver!(No symbol) [0x7ff7315fa2ec]
	msedgedriver!(No symbol) [0x7ff7315f9546]
	msedgedriver!(No symbol) [0x7ff7315fa113]
	msedgedriver!(No symbol) [0x7ff7316c2519]
	msedgedriver!(No symbol) [0x7ff7316bec93]
	msedgedriver!(No symbol) [0x7ff7316cf182]
	msedgedriver!GetHandleVerifier [0x7ff7318aaa68+2a8c8]
	msedgedriver!GetHandleVerifier [0x7ff7318b32f6+33156]
	msedgedriver!GetHandleVerifier [0x7ff731895724+15584]
	msedgedriver!GetHandleVerifier [0x7ff731895845+156a5]
	msedgedriver!GetHandleVerifier [0x7ff731882b63+29c3]
	KERNEL32!BaseThreadInitThunk [0x7ffdda8f7374+14]
	ntdll!RtlUserThreadStart [0x7ffddc19cc91+21]

2026-05-18 14:32:15,152 ERROR [test_register.py(test_01_register_fail:36)] - 测试执行过程中发生异常: Message: 
Stacktrace:
	msedgedriver!GetHandleVerifier [0x7ff73188e295+e0f5]
	msedgedriver!GetHandleVerifier [0x7ff73188e2f4+e154]
	msedgedriver!GetHandleVerifier [0x7ff731c08bca+388a2a]
	msedgedriver!(No symbol) [0x7ff731603e3c]
	msedgedriver!(No symbol) [0x7ff7316040a5]
	msedgedriver!(No symbol) [0x7ff731641357]
	msedgedriver!(No symbol) [0x7ff7315faaa7]
	msedgedriver!(No symbol) [0x7ff73163f0b2]
	msedgedriver!(No symbol) [0x7ff7315fa2ec]
	msedgedriver!(No symbol) [0x7ff7315f9546]
	msedgedriver!(No symbol) [0x7ff7315fa113]
	msedgedriver!(No symbol) [0x7ff7316c2519]
	msedgedriver!(No symbol) [0x7ff7316bec93]
	msedgedriver!(No symbol) [0x7ff7316cf182]
	msedgedriver!GetHandleVerifier [0x7ff7318aaa68+2a8c8]
	msedgedriver!GetHandleVerifier [0x7ff7318b32f6+33156]
	msedgedriver!GetHandleVerifier [0x7ff731895724+15584]
	msedgedriver!GetHandleVerifier [0x7ff731895845+156a5]
	msedgedriver!GetHandleVerifier [0x7ff731882b63+29c3]
	KERNEL32!BaseThreadInitThunk [0x7ffdda8f7374+14]
	ntdll!RtlUserThreadStart [0x7ffddc19cc91+21]

2026-05-18 14:32:45,175 ERROR [base.py(fd_element:33)] - 元素定位超时，定位信息：('xpath', "//*[contains(text(), '用户已存在')]")，错误详情：Message: 
Stacktrace:
	msedgedriver!GetHandleVerifier [0x7ff73188e295+e0f5]
	msedgedriver!GetHandleVerifier [0x7ff73188e2f4+e154]
	msedgedriver!GetHandleVerifier [0x7ff731c08bca+388a2a]
	msedgedriver!(No symbol) [0x7ff731603e3c]
	msedgedriver!(No symbol) [0x7ff7316040a5]
	msedgedriver!(No symbol) [0x7ff731641357]
	msedgedriver!(No symbol) [0x7ff7315faaa7]
	msedgedriver!(No symbol) [0x7ff73163f0b2]
	msedgedriver!(No symbol) [0x7ff7315fa2ec]
	msedgedriver!(No symbol) [0x7ff7315f9546]
	msedgedriver!(No symbol) [0x7ff7315fa113]
	msedgedriver!(No symbol) [0x7ff7316c2519]
	msedgedriver!(No symbol) [0x7ff7316bec93]
	msedgedriver!(No symbol) [0x7ff7316cf182]
	msedgedriver!GetHandleVerifier [0x7ff7318aaa68+2a8c8]
	msedgedriver!GetHandleVerifier [0x7ff7318b32f6+33156]
	msedgedriver!GetHandleVerifier [0x7ff731895724+15584]
	msedgedriver!GetHandleVerifier [0x7ff731895845+156a5]
	msedgedriver!GetHandleVerifier [0x7ff731882b63+29c3]
	KERNEL32!BaseThreadInitThunk [0x7ffdda8f7374+14]
	ntdll!RtlUserThreadStart [0x7ffddc19cc91+21]

2026-05-18 14:32:45,175 ERROR [test_register.py(test_01_register_fail:36)] - 测试执行过程中发生异常: Message: 
Stacktrace:
	msedgedriver!GetHandleVerifier [0x7ff73188e295+e0f5]
	msedgedriver!GetHandleVerifier [0x7ff73188e2f4+e154]
	msedgedriver!GetHandleVerifier [0x7ff731c08bca+388a2a]
	msedgedriver!(No symbol) [0x7ff731603e3c]
	msedgedriver!(No symbol) [0x7ff7316040a5]
	msedgedriver!(No symbol) [0x7ff731641357]
	msedgedriver!(No symbol) [0x7ff7315faaa7]
	msedgedriver!(No symbol) [0x7ff73163f0b2]
	msedgedriver!(No symbol) [0x7ff7315fa2ec]
	msedgedriver!(No symbol) [0x7ff7315f9546]
	msedgedriver!(No symbol) [0x7ff7315fa113]
	msedgedriver!(No symbol) [0x7ff7316c2519]
	msedgedriver!(No symbol) [0x7ff7316bec93]
	msedgedriver!(No symbol) [0x7ff7316cf182]
	msedgedriver!GetHandleVerifier [0x7ff7318aaa68+2a8c8]
	msedgedriver!GetHandleVerifier [0x7ff7318b32f6+33156]
	msedgedriver!GetHandleVerifier [0x7ff731895724+15584]
	msedgedriver!GetHandleVerifier [0x7ff731895845+156a5]
	msedgedriver!GetHandleVerifier [0x7ff731882b63+29c3]
	KERNEL32!BaseThreadInitThunk [0x7ffdda8f7374+14]
	ntdll!RtlUserThreadStart [0x7ffddc19cc91+21]

2026-05-18 14:33:04,874 ERROR [base.py(fd_element:33)] - 元素定位超时，定位信息：('xpath', "//*[contains(text(), '用户已存在')]")，错误详情：Message: 
Stacktrace:
	msedgedriver!GetHandleVerifier [0x7ff73188e295+e0f5]
	msedgedriver!GetHandleVerifier [0x7ff73188e2f4+e154]
	msedgedriver!GetHandleVerifier [0x7ff731c08bca+388a2a]
	msedgedriver!(No symbol) [0x7ff731603e3c]
	msedgedriver!(No symbol) [0x7ff7316040a5]
	msedgedriver!(No symbol) [0x7ff731641357]
	msedgedriver!(No symbol) [0x7ff7315faaa7]
	msedgedriver!(No symbol) [0x7ff73163f0b2]
	msedgedriver!(No symbol) [0x7ff7315fa2ec]
	msedgedriver!(No symbol) [0x7ff7315f9546]
	msedgedriver!(No symbol) [0x7ff7315fa113]
	msedgedriver!(No symbol) [0x7ff7316c2519]
	msedgedriver!(No symbol) [0x7ff7316bec93]
	msedgedriver!(No symbol) [0x7ff7316cf182]
	msedgedriver!GetHandleVerifier [0x7ff7318aaa68+2a8c8]
	msedgedriver!GetHandleVerifier [0x7ff7318b32f6+33156]
	msedgedriver!GetHandleVerifier [0x7ff731895724+15584]
	msedgedriver!GetHandleVerifier [0x7ff731895845+156a5]
	msedgedriver!GetHandleVerifier [0x7ff731882b63+29c3]
	KERNEL32!BaseThreadInitThunk [0x7ffdda8f7374+14]
	ntdll!RtlUserThreadStart [0x7ffddc19cc91+21]

2026-05-18 14:33:04,876 ERROR [test_register.py(test_01_register_fail:36)] - 测试执行过程中发生异常: Message: 
Stacktrace:
	msedgedriver!GetHandleVerifier [0x7ff73188e295+e0f5]
	msedgedriver!GetHandleVerifier [0x7ff73188e2f4+e154]
	msedgedriver!GetHandleVerifier [0x7ff731c08bca+388a2a]
	msedgedriver!(No symbol) [0x7ff731603e3c]
	msedgedriver!(No symbol) [0x7ff7316040a5]
	msedgedriver!(No symbol) [0x7ff731641357]
	msedgedriver!(No symbol) [0x7ff7315faaa7]
	msedgedriver!(No symbol) [0x7ff73163f0b2]
	msedgedriver!(No symbol) [0x7ff7315fa2ec]
	msedgedriver!(No symbol) [0x7ff7315f9546]
	msedgedriver!(No symbol) [0x7ff7315fa113]
	msedgedriver!(No symbol) [0x7ff7316c2519]
	msedgedriver!(No symbol) [0x7ff7316bec93]
	msedgedriver!(No symbol) [0x7ff7316cf182]
	msedgedriver!GetHandleVerifier [0x7ff7318aaa68+2a8c8]
	msedgedriver!GetHandleVerifier [0x7ff7318b32f6+33156]
	msedgedriver!GetHandleVerifier [0x7ff731895724+15584]
	msedgedriver!GetHandleVerifier [0x7ff731895845+156a5]
	msedgedriver!GetHandleVerifier [0x7ff731882b63+29c3]
	KERNEL32!BaseThreadInitThunk [0x7ffdda8f7374+14]
	ntdll!RtlUserThreadStart [0x7ffddc19cc91+21]

2026-05-18 14:33:24,666 ERROR [base.py(fd_element:33)] - 元素定位超时，定位信息：('xpath', "//*[contains(text(), '用户已存在')]")，错误详情：Message: 
Stacktrace:
	msedgedriver!GetHandleVerifier [0x7ff73188e295+e0f5]
	msedgedriver!GetHandleVerifier [0x7ff73188e2f4+e154]
	msedgedriver!GetHandleVerifier [0x7ff731c08bca+388a2a]
	msedgedriver!(No symbol) [0x7ff731603e3c]
	msedgedriver!(No symbol) [0x7ff7316040a5]
	msedgedriver!(No symbol) [0x7ff731641357]
	msedgedriver!(No symbol) [0x7ff7315faaa7]
	msedgedriver!(No symbol) [0x7ff73163f0b2]
	msedgedriver!(No symbol) [0x7ff7315fa2ec]
	msedgedriver!(No symbol) [0x7ff7315f9546]
	msedgedriver!(No symbol) [0x7ff7315fa113]
	msedgedriver!(No symbol) [0x7ff7316c2519]
	msedgedriver!(No symbol) [0x7ff7316bec93]
	msedgedriver!(No symbol) [0x7ff7316cf182]
	msedgedriver!GetHandleVerifier [0x7ff7318aaa68+2a8c8]
	msedgedriver!GetHandleVerifier [0x7ff7318b32f6+33156]
	msedgedriver!GetHandleVerifier [0x7ff731895724+15584]
	msedgedriver!GetHandleVerifier [0x7ff731895845+156a5]
	msedgedriver!GetHandleVerifier [0x7ff731882b63+29c3]
	KERNEL32!BaseThreadInitThunk [0x7ffdda8f7374+14]
	ntdll!RtlUserThreadStart [0x7ffddc19cc91+21]

2026-05-18 14:33:24,668 ERROR [test_register.py(test_01_register_fail:36)] - 测试执行过程中发生异常: Message: 
Stacktrace:
	msedgedriver!GetHandleVerifier [0x7ff73188e295+e0f5]
	msedgedriver!GetHandleVerifier [0x7ff73188e2f4+e154]
	msedgedriver!GetHandleVerifier [0x7ff731c08bca+388a2a]
	msedgedriver!(No symbol) [0x7ff731603e3c]
	msedgedriver!(No symbol) [0x7ff7316040a5]
	msedgedriver!(No symbol) [0x7ff731641357]
	msedgedriver!(No symbol) [0x7ff7315faaa7]
	msedgedriver!(No symbol) [0x7ff73163f0b2]
	msedgedriver!(No symbol) [0x7ff7315fa2ec]
	msedgedriver!(No symbol) [0x7ff7315f9546]
	msedgedriver!(No symbol) [0x7ff7315fa113]
	msedgedriver!(No symbol) [0x7ff7316c2519]
	msedgedriver!(No symbol) [0x7ff7316bec93]
	msedgedriver!(No symbol) [0x7ff7316cf182]
	msedgedriver!GetHandleVerifier [0x7ff7318aaa68+2a8c8]
	msedgedriver!GetHandleVerifier [0x7ff7318b32f6+33156]
	msedgedriver!GetHandleVerifier [0x7ff731895724+15584]
	msedgedriver!GetHandleVerifier [0x7ff731895845+156a5]
	msedgedriver!GetHandleVerifier [0x7ff731882b63+29c3]
	KERNEL32!BaseThreadInitThunk [0x7ffdda8f7374+14]
	ntdll!RtlUserThreadStart [0x7ffddc19cc91+21]

2026-05-18 14:39:35,803 ERROR [base.py(fd_element:33)] - 元素定位超时，定位信息：('xpath', "//*[contains(text(), '账号不存在')]")，错误详情：Message: 
Stacktrace:
	msedgedriver!GetHandleVerifier [0x7ff73188e295+e0f5]
	msedgedriver!GetHandleVerifier [0x7ff73188e2f4+e154]
	msedgedriver!GetHandleVerifier [0x7ff731c08bca+388a2a]
	msedgedriver!(No symbol) [0x7ff731603e3c]
	msedgedriver!(No symbol) [0x7ff7316040a5]
	msedgedriver!(No symbol) [0x7ff731641357]
	msedgedriver!(No symbol) [0x7ff7315faaa7]
	msedgedriver!(No symbol) [0x7ff73163f0b2]
	msedgedriver!(No symbol) [0x7ff7315fa2ec]
	msedgedriver!(No symbol) [0x7ff7315f9546]
	msedgedriver!(No symbol) [0x7ff7315fa113]
	msedgedriver!(No symbol) [0x7ff7316c2519]
	msedgedriver!(No symbol) [0x7ff7316bec93]
	msedgedriver!(No symbol) [0x7ff7316cf182]
	msedgedriver!GetHandleVerifier [0x7ff7318aaa68+2a8c8]
	msedgedriver!GetHandleVerifier [0x7ff7318b32f6+33156]
	msedgedriver!GetHandleVerifier [0x7ff731895724+15584]
	msedgedriver!GetHandleVerifier [0x7ff731895845+156a5]
	msedgedriver!GetHandleVerifier [0x7ff731882b63+29c3]
	KERNEL32!BaseThreadInitThunk [0x7ffdda8f7374+14]
	ntdll!RtlUserThreadStart [0x7ffddc19cc91+21]

2026-05-18 14:39:35,804 ERROR [test_login.py(test_01_login_fail_phone_exist:25)] - 测试执行过程中发生异常: Message: 
Stacktrace:
	msedgedriver!GetHandleVerifier [0x7ff73188e295+e0f5]
	msedgedriver!GetHandleVerifier [0x7ff73188e2f4+e154]
	msedgedriver!GetHandleVerifier [0x7ff731c08bca+388a2a]
	msedgedriver!(No symbol) [0x7ff731603e3c]
	msedgedriver!(No symbol) [0x7ff7316040a5]
	msedgedriver!(No symbol) [0x7ff731641357]
	msedgedriver!(No symbol) [0x7ff7315faaa7]
	msedgedriver!(No symbol) [0x7ff73163f0b2]
	msedgedriver!(No symbol) [0x7ff7315fa2ec]
	msedgedriver!(No symbol) [0x7ff7315f9546]
	msedgedriver!(No symbol) [0x7ff7315fa113]
	msedgedriver!(No symbol) [0x7ff7316c2519]
	msedgedriver!(No symbol) [0x7ff7316bec93]
	msedgedriver!(No symbol) [0x7ff7316cf182]
	msedgedriver!GetHandleVerifier [0x7ff7318aaa68+2a8c8]
	msedgedriver!GetHandleVerifier [0x7ff7318b32f6+33156]
	msedgedriver!GetHandleVerifier [0x7ff731895724+15584]
	msedgedriver!GetHandleVerifier [0x7ff731895845+156a5]
	msedgedriver!GetHandleVerifier [0x7ff731882b63+29c3]
	KERNEL32!BaseThreadInitThunk [0x7ffdda8f7374+14]
	ntdll!RtlUserThreadStart [0x7ffddc19cc91+21]

2026-05-18 14:40:04,952 ERROR [base.py(fd_element:33)] - 元素定位超时，定位信息：('xpath', "//*[contains(text(), '账号不存在')]")，错误详情：Message: 
Stacktrace:
	msedgedriver!GetHandleVerifier [0x7ff73188e295+e0f5]
	msedgedriver!GetHandleVerifier [0x7ff73188e2f4+e154]
	msedgedriver!GetHandleVerifier [0x7ff731c08bca+388a2a]
	msedgedriver!(No symbol) [0x7ff731603e3c]
	msedgedriver!(No symbol) [0x7ff7316040a5]
	msedgedriver!(No symbol) [0x7ff731641357]
	msedgedriver!(No symbol) [0x7ff7315faaa7]
	msedgedriver!(No symbol) [0x7ff73163f0b2]
	msedgedriver!(No symbol) [0x7ff7315fa2ec]
	msedgedriver!(No symbol) [0x7ff7315f9546]
	msedgedriver!(No symbol) [0x7ff7315fa113]
	msedgedriver!(No symbol) [0x7ff7316c2519]
	msedgedriver!(No symbol) [0x7ff7316bec93]
	msedgedriver!(No symbol) [0x7ff7316cf182]
	msedgedriver!GetHandleVerifier [0x7ff7318aaa68+2a8c8]
	msedgedriver!GetHandleVerifier [0x7ff7318b32f6+33156]
	msedgedriver!GetHandleVerifier [0x7ff731895724+15584]
	msedgedriver!GetHandleVerifier [0x7ff731895845+156a5]
	msedgedriver!GetHandleVerifier [0x7ff731882b63+29c3]
	KERNEL32!BaseThreadInitThunk [0x7ffdda8f7374+14]
	ntdll!RtlUserThreadStart [0x7ffddc19cc91+21]

2026-05-18 14:40:04,953 ERROR [test_login.py(test_01_login_fail_phone_exist:25)] - 测试执行过程中发生异常: Message: 
Stacktrace:
	msedgedriver!GetHandleVerifier [0x7ff73188e295+e0f5]
	msedgedriver!GetHandleVerifier [0x7ff73188e2f4+e154]
	msedgedriver!GetHandleVerifier [0x7ff731c08bca+388a2a]
	msedgedriver!(No symbol) [0x7ff731603e3c]
	msedgedriver!(No symbol) [0x7ff7316040a5]
	msedgedriver!(No symbol) [0x7ff731641357]
	msedgedriver!(No symbol) [0x7ff7315faaa7]
	msedgedriver!(No symbol) [0x7ff73163f0b2]
	msedgedriver!(No symbol) [0x7ff7315fa2ec]
	msedgedriver!(No symbol) [0x7ff7315f9546]
	msedgedriver!(No symbol) [0x7ff7315fa113]
	msedgedriver!(No symbol) [0x7ff7316c2519]
	msedgedriver!(No symbol) [0x7ff7316bec93]
	msedgedriver!(No symbol) [0x7ff7316cf182]
	msedgedriver!GetHandleVerifier [0x7ff7318aaa68+2a8c8]
	msedgedriver!GetHandleVerifier [0x7ff7318b32f6+33156]
	msedgedriver!GetHandleVerifier [0x7ff731895724+15584]
	msedgedriver!GetHandleVerifier [0x7ff731895845+156a5]
	msedgedriver!GetHandleVerifier [0x7ff731882b63+29c3]
	KERNEL32!BaseThreadInitThunk [0x7ffdda8f7374+14]
	ntdll!RtlUserThreadStart [0x7ffddc19cc91+21]

2026-05-18 14:42:47,199 INFO [test_login.py(test_01_login_fail_phone_exist:23)] - 登录结果：欢迎登录
2026-05-18 14:42:47,200 ERROR [test_login.py(test_01_login_fail_phone_exist:26)] - 测试执行过程中发生异常: assert '\u6b22\u8fce\u767b\u9646' in '\u6b22\u8fce\u767b\u5f55'
2026-05-18 14:43:17,542 INFO [test_login.py(test_01_login_fail_phone_exist:23)] - 登录结果：欢迎登录
2026-05-18 15:20:44,013 ERROR [test_register.py(test_01_register_fail:36)] - 测试执行过程中发生异常: 'PageRegister' object has no attribute 'agree_checkboxElement'
2026-05-18 15:20:51,405 ERROR [test_register.py(test_01_register_fail:36)] - 测试执行过程中发生异常: 'PageRegister' object has no attribute 'agree_checkboxElement'
2026-05-18 15:20:59,900 ERROR [test_register.py(test_01_register_fail:36)] - 测试执行过程中发生异常: 'PageRegister' object has no attribute 'agree_checkboxElement'
2026-05-18 15:21:51,992 ERROR [test_register.py(test_01_register_fail:36)] - 测试执行过程中发生异常: Message: element click intercepted: Element <input type="checkbox" value="1" name="is_agree_agreement" data-validation-message="请勾选同意协议" data-am-ucheck="" autocomplete="off" data-is-clearout="0" required="" class="am-ucheck-checkbox"> is not clickable at point (594, 501). Other element would receive the click: <i class="am-icon-checked"></i>
  (Session info: MicrosoftEdge=148.0.3967.54); For documentation on this error, please visit: https://www.selenium.dev/documentation/webdriver/troubleshooting/errors#elementclickinterceptedexception
Stacktrace:
	msedgedriver!GetHandleVerifier [0x7ff73188e295+e0f5]
	msedgedriver!GetHandleVerifier [0x7ff73188e2f4+e154]
	msedgedriver!GetHandleVerifier [0x7ff731c08bca+388a2a]
	msedgedriver!(No symbol) [0x7ff73160973f]
	msedgedriver!(No symbol) [0x7ff731607f01]
	msedgedriver!(No symbol) [0x7ff731606026]
	msedgedriver!(No symbol) [0x7ff73160545d]
	msedgedriver!(No symbol) [0x7ff7315fb05d]
	msedgedriver!(No symbol) [0x7ff7316241ba]
	msedgedriver!(No symbol) [0x7ff7315faaa7]
	msedgedriver!(No symbol) [0x7ff7315fa9ad]
	msedgedriver!(No symbol) [0x7ff7315faaa7]
	msedgedriver!(No symbol) [0x7ff73163f0b2]
	msedgedriver!(No symbol) [0x7ff7315fa2ec]
	msedgedriver!(No symbol) [0x7ff7315f9546]
	msedgedriver!(No symbol) [0x7ff7315fa113]
	msedgedriver!(No symbol) [0x7ff7316c2519]
	msedgedriver!(No symbol) [0x7ff7316bec93]
	msedgedriver!(No symbol) [0x7ff7316cf182]
	msedgedriver!GetHandleVerifier [0x7ff7318aaa68+2a8c8]
	msedgedriver!GetHandleVerifier [0x7ff7318b32f6+33156]
	msedgedriver!GetHandleVerifier [0x7ff731895724+15584]
	msedgedriver!GetHandleVerifier [0x7ff731895845+156a5]
	msedgedriver!GetHandleVerifier [0x7ff731882b63+29c3]
	KERNEL32!BaseThreadInitThunk [0x7ffdda8f7374+14]
	ntdll!RtlUserThreadStart [0x7ffddc19cc91+21]

2026-05-18 15:22:00,935 ERROR [test_register.py(test_01_register_fail:36)] - 测试执行过程中发生异常: Message: element click intercepted: Element <input type="checkbox" value="1" name="is_agree_agreement" data-validation-message="请勾选同意协议" data-am-ucheck="" autocomplete="off" data-is-clearout="0" required="" class="am-ucheck-checkbox"> is not clickable at point (594, 501). Other element would receive the click: <i class="am-icon-checked"></i>
  (Session info: MicrosoftEdge=148.0.3967.54); For documentation on this error, please visit: https://www.selenium.dev/documentation/webdriver/troubleshooting/errors#elementclickinterceptedexception
Stacktrace:
	msedgedriver!GetHandleVerifier [0x7ff73188e295+e0f5]
	msedgedriver!GetHandleVerifier [0x7ff73188e2f4+e154]
	msedgedriver!GetHandleVerifier [0x7ff731c08bca+388a2a]
	msedgedriver!(No symbol) [0x7ff73160973f]
	msedgedriver!(No symbol) [0x7ff731607f01]
	msedgedriver!(No symbol) [0x7ff731606026]
	msedgedriver!(No symbol) [0x7ff73160545d]
	msedgedriver!(No symbol) [0x7ff7315fb05d]
	msedgedriver!(No symbol) [0x7ff7316241ba]
	msedgedriver!(No symbol) [0x7ff7315faaa7]
	msedgedriver!(No symbol) [0x7ff7315fa9ad]
	msedgedriver!(No symbol) [0x7ff7315faaa7]
	msedgedriver!(No symbol) [0x7ff73163f0b2]
	msedgedriver!(No symbol) [0x7ff7315fa2ec]
	msedgedriver!(No symbol) [0x7ff7315f9546]
	msedgedriver!(No symbol) [0x7ff7315fa113]
	msedgedriver!(No symbol) [0x7ff7316c2519]
	msedgedriver!(No symbol) [0x7ff7316bec93]
	msedgedriver!(No symbol) [0x7ff7316cf182]
	msedgedriver!GetHandleVerifier [0x7ff7318aaa68+2a8c8]
	msedgedriver!GetHandleVerifier [0x7ff7318b32f6+33156]
	msedgedriver!GetHandleVerifier [0x7ff731895724+15584]
	msedgedriver!GetHandleVerifier [0x7ff731895845+156a5]
	msedgedriver!GetHandleVerifier [0x7ff731882b63+29c3]
	KERNEL32!BaseThreadInitThunk [0x7ffdda8f7374+14]
	ntdll!RtlUserThreadStart [0x7ffddc19cc91+21]

2026-05-18 15:22:10,020 ERROR [test_register.py(test_01_register_fail:36)] - 测试执行过程中发生异常: Message: element click intercepted: Element <input type="checkbox" value="1" name="is_agree_agreement" data-validation-message="请勾选同意协议" data-am-ucheck="" autocomplete="off" data-is-clearout="0" required="" class="am-ucheck-checkbox"> is not clickable at point (594, 501). Other element would receive the click: <i class="am-icon-checked"></i>
  (Session info: MicrosoftEdge=148.0.3967.54); For documentation on this error, please visit: https://www.selenium.dev/documentation/webdriver/troubleshooting/errors#elementclickinterceptedexception
Stacktrace:
	msedgedriver!GetHandleVerifier [0x7ff73188e295+e0f5]
	msedgedriver!GetHandleVerifier [0x7ff73188e2f4+e154]
	msedgedriver!GetHandleVerifier [0x7ff731c08bca+388a2a]
	msedgedriver!(No symbol) [0x7ff73160973f]
	msedgedriver!(No symbol) [0x7ff731607f01]
	msedgedriver!(No symbol) [0x7ff731606026]
	msedgedriver!(No symbol) [0x7ff73160545d]
	msedgedriver!(No symbol) [0x7ff7315fb05d]
	msedgedriver!(No symbol) [0x7ff7316241ba]
	msedgedriver!(No symbol) [0x7ff7315faaa7]
	msedgedriver!(No symbol) [0x7ff7315fa9ad]
	msedgedriver!(No symbol) [0x7ff7315faaa7]
	msedgedriver!(No symbol) [0x7ff73163f0b2]
	msedgedriver!(No symbol) [0x7ff7315fa2ec]
	msedgedriver!(No symbol) [0x7ff7315f9546]
	msedgedriver!(No symbol) [0x7ff7315fa113]
	msedgedriver!(No symbol) [0x7ff7316c2519]
	msedgedriver!(No symbol) [0x7ff7316bec93]
	msedgedriver!(No symbol) [0x7ff7316cf182]
	msedgedriver!GetHandleVerifier [0x7ff7318aaa68+2a8c8]
	msedgedriver!GetHandleVerifier [0x7ff7318b32f6+33156]
	msedgedriver!GetHandleVerifier [0x7ff731895724+15584]
	msedgedriver!GetHandleVerifier [0x7ff731895845+156a5]
	msedgedriver!GetHandleVerifier [0x7ff731882b63+29c3]
	KERNEL32!BaseThreadInitThunk [0x7ffdda8f7374+14]
	ntdll!RtlUserThreadStart [0x7ffddc19cc91+21]

2026-05-18 15:24:08,507 ERROR [test_register.py(test_01_register_fail:36)] - 测试执行过程中发生异常: Message: element click intercepted: Element <input type="checkbox" value="1" name="is_agree_agreement" data-validation-message="请勾选同意协议" data-am-ucheck="" autocomplete="off" data-is-clearout="0" required="" class="am-ucheck-checkbox"> is not clickable at point (594, 501). Other element would receive the click: <i class="am-icon-checked"></i>
  (Session info: MicrosoftEdge=148.0.3967.54); For documentation on this error, please visit: https://www.selenium.dev/documentation/webdriver/troubleshooting/errors#elementclickinterceptedexception
Stacktrace:
	msedgedriver!GetHandleVerifier [0x7ff73188e295+e0f5]
	msedgedriver!GetHandleVerifier [0x7ff73188e2f4+e154]
	msedgedriver!GetHandleVerifier [0x7ff731c08bca+388a2a]
	msedgedriver!(No symbol) [0x7ff73160973f]
	msedgedriver!(No symbol) [0x7ff731607f01]
	msedgedriver!(No symbol) [0x7ff731606026]
	msedgedriver!(No symbol) [0x7ff73160545d]
	msedgedriver!(No symbol) [0x7ff7315fb05d]
	msedgedriver!(No symbol) [0x7ff7316241ba]
	msedgedriver!(No symbol) [0x7ff7315faaa7]
	msedgedriver!(No symbol) [0x7ff7315fa9ad]
	msedgedriver!(No symbol) [0x7ff7315faaa7]
	msedgedriver!(No symbol) [0x7ff73163f0b2]
	msedgedriver!(No symbol) [0x7ff7315fa2ec]
	msedgedriver!(No symbol) [0x7ff7315f9546]
	msedgedriver!(No symbol) [0x7ff7315fa113]
	msedgedriver!(No symbol) [0x7ff7316c2519]
	msedgedriver!(No symbol) [0x7ff7316bec93]
	msedgedriver!(No symbol) [0x7ff7316cf182]
	msedgedriver!GetHandleVerifier [0x7ff7318aaa68+2a8c8]
	msedgedriver!GetHandleVerifier [0x7ff7318b32f6+33156]
	msedgedriver!GetHandleVerifier [0x7ff731895724+15584]
	msedgedriver!GetHandleVerifier [0x7ff731895845+156a5]
	msedgedriver!GetHandleVerifier [0x7ff731882b63+29c3]
	KERNEL32!BaseThreadInitThunk [0x7ffdda8f7374+14]
	ntdll!RtlUserThreadStart [0x7ffddc19cc91+21]

2026-05-18 15:24:16,794 ERROR [test_register.py(test_01_register_fail:36)] - 测试执行过程中发生异常: Message: element click intercepted: Element <input type="checkbox" value="1" name="is_agree_agreement" data-validation-message="请勾选同意协议" data-am-ucheck="" autocomplete="off" data-is-clearout="0" required="" class="am-ucheck-checkbox"> is not clickable at point (594, 501). Other element would receive the click: <i class="am-icon-checked"></i>
  (Session info: MicrosoftEdge=148.0.3967.54); For documentation on this error, please visit: https://www.selenium.dev/documentation/webdriver/troubleshooting/errors#elementclickinterceptedexception
Stacktrace:
	msedgedriver!GetHandleVerifier [0x7ff73188e295+e0f5]
	msedgedriver!GetHandleVerifier [0x7ff73188e2f4+e154]
	msedgedriver!GetHandleVerifier [0x7ff731c08bca+388a2a]
	msedgedriver!(No symbol) [0x7ff73160973f]
	msedgedriver!(No symbol) [0x7ff731607f01]
	msedgedriver!(No symbol) [0x7ff731606026]
	msedgedriver!(No symbol) [0x7ff73160545d]
	msedgedriver!(No symbol) [0x7ff7315fb05d]
	msedgedriver!(No symbol) [0x7ff7316241ba]
	msedgedriver!(No symbol) [0x7ff7315faaa7]
	msedgedriver!(No symbol) [0x7ff7315fa9ad]
	msedgedriver!(No symbol) [0x7ff7315faaa7]
	msedgedriver!(No symbol) [0x7ff73163f0b2]
	msedgedriver!(No symbol) [0x7ff7315fa2ec]
	msedgedriver!(No symbol) [0x7ff7315f9546]
	msedgedriver!(No symbol) [0x7ff7315fa113]
	msedgedriver!(No symbol) [0x7ff7316c2519]
	msedgedriver!(No symbol) [0x7ff7316bec93]
	msedgedriver!(No symbol) [0x7ff7316cf182]
	msedgedriver!GetHandleVerifier [0x7ff7318aaa68+2a8c8]
	msedgedriver!GetHandleVerifier [0x7ff7318b32f6+33156]
	msedgedriver!GetHandleVerifier [0x7ff731895724+15584]
	msedgedriver!GetHandleVerifier [0x7ff731895845+156a5]
	msedgedriver!GetHandleVerifier [0x7ff731882b63+29c3]
	KERNEL32!BaseThreadInitThunk [0x7ffdda8f7374+14]
	ntdll!RtlUserThreadStart [0x7ffddc19cc91+21]

2026-05-18 15:29:26,359 ERROR [base.py(fd_element:33)] - 元素定位超时，定位信息：('xpath', "//button[@value='注册']")，错误详情：Message: 
Stacktrace:
	msedgedriver!GetHandleVerifier [0x7ff73188e295+e0f5]
	msedgedriver!GetHandleVerifier [0x7ff73188e2f4+e154]
	msedgedriver!GetHandleVerifier [0x7ff731c08bca+388a2a]
	msedgedriver!(No symbol) [0x7ff731603e3c]
	msedgedriver!(No symbol) [0x7ff7316040a5]
	msedgedriver!(No symbol) [0x7ff731641357]
	msedgedriver!(No symbol) [0x7ff7315faaa7]
	msedgedriver!(No symbol) [0x7ff73163f0b2]
	msedgedriver!(No symbol) [0x7ff7315fa2ec]
	msedgedriver!(No symbol) [0x7ff7315f9546]
	msedgedriver!(No symbol) [0x7ff7315fa113]
	msedgedriver!(No symbol) [0x7ff7316c2519]
	msedgedriver!(No symbol) [0x7ff7316bec93]
	msedgedriver!(No symbol) [0x7ff7316cf182]
	msedgedriver!GetHandleVerifier [0x7ff7318aaa68+2a8c8]
	msedgedriver!GetHandleVerifier [0x7ff7318b32f6+33156]
	msedgedriver!GetHandleVerifier [0x7ff731895724+15584]
	msedgedriver!GetHandleVerifier [0x7ff731895845+156a5]
	msedgedriver!GetHandleVerifier [0x7ff731882b63+29c3]
	KERNEL32!BaseThreadInitThunk [0x7ffdda8f7374+14]
	ntdll!RtlUserThreadStart [0x7ffddc19cc91+21]

2026-05-18 15:29:26,360 ERROR [test_register.py(test_01_register_fail:36)] - 测试执行过程中发生异常: Message: 
Stacktrace:
	msedgedriver!GetHandleVerifier [0x7ff73188e295+e0f5]
	msedgedriver!GetHandleVerifier [0x7ff73188e2f4+e154]
	msedgedriver!GetHandleVerifier [0x7ff731c08bca+388a2a]
	msedgedriver!(No symbol) [0x7ff731603e3c]
	msedgedriver!(No symbol) [0x7ff7316040a5]
	msedgedriver!(No symbol) [0x7ff731641357]
	msedgedriver!(No symbol) [0x7ff7315faaa7]
	msedgedriver!(No symbol) [0x7ff73163f0b2]
	msedgedriver!(No symbol) [0x7ff7315fa2ec]
	msedgedriver!(No symbol) [0x7ff7315f9546]
	msedgedriver!(No symbol) [0x7ff7315fa113]
	msedgedriver!(No symbol) [0x7ff7316c2519]
	msedgedriver!(No symbol) [0x7ff7316bec93]
	msedgedriver!(No symbol) [0x7ff7316cf182]
	msedgedriver!GetHandleVerifier [0x7ff7318aaa68+2a8c8]
	msedgedriver!GetHandleVerifier [0x7ff7318b32f6+33156]
	msedgedriver!GetHandleVerifier [0x7ff731895724+15584]
	msedgedriver!GetHandleVerifier [0x7ff731895845+156a5]
	msedgedriver!GetHandleVerifier [0x7ff731882b63+29c3]
	KERNEL32!BaseThreadInitThunk [0x7ffdda8f7374+14]
	ntdll!RtlUserThreadStart [0x7ffddc19cc91+21]

2026-05-18 15:29:43,587 ERROR [base.py(fd_element:33)] - 元素定位超时，定位信息：('xpath', "//button[@value='注册']")，错误详情：Message: 
Stacktrace:
	msedgedriver!GetHandleVerifier [0x7ff73188e295+e0f5]
	msedgedriver!GetHandleVerifier [0x7ff73188e2f4+e154]
	msedgedriver!GetHandleVerifier [0x7ff731c08bca+388a2a]
	msedgedriver!(No symbol) [0x7ff731603e3c]
	msedgedriver!(No symbol) [0x7ff7316040a5]
	msedgedriver!(No symbol) [0x7ff731641357]
	msedgedriver!(No symbol) [0x7ff7315faaa7]
	msedgedriver!(No symbol) [0x7ff73163f0b2]
	msedgedriver!(No symbol) [0x7ff7315fa2ec]
	msedgedriver!(No symbol) [0x7ff7315f9546]
	msedgedriver!(No symbol) [0x7ff7315fa113]
	msedgedriver!(No symbol) [0x7ff7316c2519]
	msedgedriver!(No symbol) [0x7ff7316bec93]
	msedgedriver!(No symbol) [0x7ff7316cf182]
	msedgedriver!GetHandleVerifier [0x7ff7318aaa68+2a8c8]
	msedgedriver!GetHandleVerifier [0x7ff7318b32f6+33156]
	msedgedriver!GetHandleVerifier [0x7ff731895724+15584]
	msedgedriver!GetHandleVerifier [0x7ff731895845+156a5]
	msedgedriver!GetHandleVerifier [0x7ff731882b63+29c3]
	KERNEL32!BaseThreadInitThunk [0x7ffdda8f7374+14]
	ntdll!RtlUserThreadStart [0x7ffddc19cc91+21]

2026-05-18 15:29:43,587 ERROR [test_register.py(test_01_register_fail:36)] - 测试执行过程中发生异常: Message: 
Stacktrace:
	msedgedriver!GetHandleVerifier [0x7ff73188e295+e0f5]
	msedgedriver!GetHandleVerifier [0x7ff73188e2f4+e154]
	msedgedriver!GetHandleVerifier [0x7ff731c08bca+388a2a]
	msedgedriver!(No symbol) [0x7ff731603e3c]
	msedgedriver!(No symbol) [0x7ff7316040a5]
	msedgedriver!(No symbol) [0x7ff731641357]
	msedgedriver!(No symbol) [0x7ff7315faaa7]
	msedgedriver!(No symbol) [0x7ff73163f0b2]
	msedgedriver!(No symbol) [0x7ff7315fa2ec]
	msedgedriver!(No symbol) [0x7ff7315f9546]
	msedgedriver!(No symbol) [0x7ff7315fa113]
	msedgedriver!(No symbol) [0x7ff7316c2519]
	msedgedriver!(No symbol) [0x7ff7316bec93]
	msedgedriver!(No symbol) [0x7ff7316cf182]
	msedgedriver!GetHandleVerifier [0x7ff7318aaa68+2a8c8]
	msedgedriver!GetHandleVerifier [0x7ff7318b32f6+33156]
	msedgedriver!GetHandleVerifier [0x7ff731895724+15584]
	msedgedriver!GetHandleVerifier [0x7ff731895845+156a5]
	msedgedriver!GetHandleVerifier [0x7ff731882b63+29c3]
	KERNEL32!BaseThreadInitThunk [0x7ffdda8f7374+14]
	ntdll!RtlUserThreadStart [0x7ffddc19cc91+21]

2026-05-18 15:34:43,217 ERROR [base.py(fd_element:34)] - 元素定位超时，定位信息：('class name', "button[value='注册']")，错误详情：Message: 
Stacktrace:
	msedgedriver!GetHandleVerifier [0x7ff73188e295+e0f5]
	msedgedriver!GetHandleVerifier [0x7ff73188e2f4+e154]
	msedgedriver!GetHandleVerifier [0x7ff731c08bca+388a2a]
	msedgedriver!(No symbol) [0x7ff731603e3c]
	msedgedriver!(No symbol) [0x7ff7316040a5]
	msedgedriver!(No symbol) [0x7ff731641357]
	msedgedriver!(No symbol) [0x7ff7315faaa7]
	msedgedriver!(No symbol) [0x7ff73163f0b2]
	msedgedriver!(No symbol) [0x7ff7315fa2ec]
	msedgedriver!(No symbol) [0x7ff7315f9546]
	msedgedriver!(No symbol) [0x7ff7315fa113]
	msedgedriver!(No symbol) [0x7ff7316c2519]
	msedgedriver!(No symbol) [0x7ff7316bec93]
	msedgedriver!(No symbol) [0x7ff7316cf182]
	msedgedriver!GetHandleVerifier [0x7ff7318aaa68+2a8c8]
	msedgedriver!GetHandleVerifier [0x7ff7318b32f6+33156]
	msedgedriver!GetHandleVerifier [0x7ff731895724+15584]
	msedgedriver!GetHandleVerifier [0x7ff731895845+156a5]
	msedgedriver!GetHandleVerifier [0x7ff731882b63+29c3]
	KERNEL32!BaseThreadInitThunk [0x7ffdda8f7374+14]
	ntdll!RtlUserThreadStart [0x7ffddc19cc91+21]

2026-05-18 15:34:43,218 ERROR [test_register.py(test_01_register_fail:36)] - 测试执行过程中发生异常: Message: 
Stacktrace:
	msedgedriver!GetHandleVerifier [0x7ff73188e295+e0f5]
	msedgedriver!GetHandleVerifier [0x7ff73188e2f4+e154]
	msedgedriver!GetHandleVerifier [0x7ff731c08bca+388a2a]
	msedgedriver!(No symbol) [0x7ff731603e3c]
	msedgedriver!(No symbol) [0x7ff7316040a5]
	msedgedriver!(No symbol) [0x7ff731641357]
	msedgedriver!(No symbol) [0x7ff7315faaa7]
	msedgedriver!(No symbol) [0x7ff73163f0b2]
	msedgedriver!(No symbol) [0x7ff7315fa2ec]
	msedgedriver!(No symbol) [0x7ff7315f9546]
	msedgedriver!(No symbol) [0x7ff7315fa113]
	msedgedriver!(No symbol) [0x7ff7316c2519]
	msedgedriver!(No symbol) [0x7ff7316bec93]
	msedgedriver!(No symbol) [0x7ff7316cf182]
	msedgedriver!GetHandleVerifier [0x7ff7318aaa68+2a8c8]
	msedgedriver!GetHandleVerifier [0x7ff7318b32f6+33156]
	msedgedriver!GetHandleVerifier [0x7ff731895724+15584]
	msedgedriver!GetHandleVerifier [0x7ff731895845+156a5]
	msedgedriver!GetHandleVerifier [0x7ff731882b63+29c3]
	KERNEL32!BaseThreadInitThunk [0x7ffdda8f7374+14]
	ntdll!RtlUserThreadStart [0x7ffddc19cc91+21]

2026-05-18 17:14:15,066 ERROR [base.py(fd_element:34)] - 元素定位超时，定位信息：('class name', "button[value='注册']")，错误详情：Message: 
Stacktrace:
	msedgedriver!GetHandleVerifier [0x7ff6ca41e295+e0f5]
	msedgedriver!GetHandleVerifier [0x7ff6ca41e2f4+e154]
	msedgedriver!GetHandleVerifier [0x7ff6ca798bca+388a2a]
	msedgedriver!(No symbol) [0x7ff6ca193e3c]
	msedgedriver!(No symbol) [0x7ff6ca1940a5]
	msedgedriver!(No symbol) [0x7ff6ca1d1357]
	msedgedriver!(No symbol) [0x7ff6ca18aaa7]
	msedgedriver!(No symbol) [0x7ff6ca1cf0b2]
	msedgedriver!(No symbol) [0x7ff6ca18a2ec]
	msedgedriver!(No symbol) [0x7ff6ca189546]
	msedgedriver!(No symbol) [0x7ff6ca18a113]
	msedgedriver!(No symbol) [0x7ff6ca252519]
	msedgedriver!(No symbol) [0x7ff6ca24ec93]
	msedgedriver!(No symbol) [0x7ff6ca25f182]
	msedgedriver!GetHandleVerifier [0x7ff6ca43aa68+2a8c8]
	msedgedriver!GetHandleVerifier [0x7ff6ca4432f6+33156]
	msedgedriver!GetHandleVerifier [0x7ff6ca425724+15584]
	msedgedriver!GetHandleVerifier [0x7ff6ca425845+156a5]
	msedgedriver!GetHandleVerifier [0x7ff6ca412b63+29c3]
	KERNEL32!BaseThreadInitThunk [0x7ffdda8f7374+14]
	ntdll!RtlUserThreadStart [0x7ffddc19cc91+21]

2026-05-18 17:14:15,071 ERROR [test_register.py(test_01_register_fail:36)] - 测试执行过程中发生异常: Message: 
Stacktrace:
	msedgedriver!GetHandleVerifier [0x7ff6ca41e295+e0f5]
	msedgedriver!GetHandleVerifier [0x7ff6ca41e2f4+e154]
	msedgedriver!GetHandleVerifier [0x7ff6ca798bca+388a2a]
	msedgedriver!(No symbol) [0x7ff6ca193e3c]
	msedgedriver!(No symbol) [0x7ff6ca1940a5]
	msedgedriver!(No symbol) [0x7ff6ca1d1357]
	msedgedriver!(No symbol) [0x7ff6ca18aaa7]
	msedgedriver!(No symbol) [0x7ff6ca1cf0b2]
	msedgedriver!(No symbol) [0x7ff6ca18a2ec]
	msedgedriver!(No symbol) [0x7ff6ca189546]
	msedgedriver!(No symbol) [0x7ff6ca18a113]
	msedgedriver!(No symbol) [0x7ff6ca252519]
	msedgedriver!(No symbol) [0x7ff6ca24ec93]
	msedgedriver!(No symbol) [0x7ff6ca25f182]
	msedgedriver!GetHandleVerifier [0x7ff6ca43aa68+2a8c8]
	msedgedriver!GetHandleVerifier [0x7ff6ca4432f6+33156]
	msedgedriver!GetHandleVerifier [0x7ff6ca425724+15584]
	msedgedriver!GetHandleVerifier [0x7ff6ca425845+156a5]
	msedgedriver!GetHandleVerifier [0x7ff6ca412b63+29c3]
	KERNEL32!BaseThreadInitThunk [0x7ffdda8f7374+14]
	ntdll!RtlUserThreadStart [0x7ffddc19cc91+21]

2026-05-18 17:14:33,995 ERROR [base.py(fd_element:34)] - 元素定位超时，定位信息：('class name', "button[value='注册']")，错误详情：Message: 
Stacktrace:
	msedgedriver!GetHandleVerifier [0x7ff6ca41e295+e0f5]
	msedgedriver!GetHandleVerifier [0x7ff6ca41e2f4+e154]
	msedgedriver!GetHandleVerifier [0x7ff6ca798bca+388a2a]
	msedgedriver!(No symbol) [0x7ff6ca193e3c]
	msedgedriver!(No symbol) [0x7ff6ca1940a5]
	msedgedriver!(No symbol) [0x7ff6ca1d1357]
	msedgedriver!(No symbol) [0x7ff6ca18aaa7]
	msedgedriver!(No symbol) [0x7ff6ca1cf0b2]
	msedgedriver!(No symbol) [0x7ff6ca18a2ec]
	msedgedriver!(No symbol) [0x7ff6ca189546]
	msedgedriver!(No symbol) [0x7ff6ca18a113]
	msedgedriver!(No symbol) [0x7ff6ca252519]
	msedgedriver!(No symbol) [0x7ff6ca24ec93]
	msedgedriver!(No symbol) [0x7ff6ca25f182]
	msedgedriver!GetHandleVerifier [0x7ff6ca43aa68+2a8c8]
	msedgedriver!GetHandleVerifier [0x7ff6ca4432f6+33156]
	msedgedriver!GetHandleVerifier [0x7ff6ca425724+15584]
	msedgedriver!GetHandleVerifier [0x7ff6ca425845+156a5]
	msedgedriver!GetHandleVerifier [0x7ff6ca412b63+29c3]
	KERNEL32!BaseThreadInitThunk [0x7ffdda8f7374+14]
	ntdll!RtlUserThreadStart [0x7ffddc19cc91+21]

2026-05-18 17:14:33,995 ERROR [test_register.py(test_01_register_fail:36)] - 测试执行过程中发生异常: Message: 
Stacktrace:
	msedgedriver!GetHandleVerifier [0x7ff6ca41e295+e0f5]
	msedgedriver!GetHandleVerifier [0x7ff6ca41e2f4+e154]
	msedgedriver!GetHandleVerifier [0x7ff6ca798bca+388a2a]
	msedgedriver!(No symbol) [0x7ff6ca193e3c]
	msedgedriver!(No symbol) [0x7ff6ca1940a5]
	msedgedriver!(No symbol) [0x7ff6ca1d1357]
	msedgedriver!(No symbol) [0x7ff6ca18aaa7]
	msedgedriver!(No symbol) [0x7ff6ca1cf0b2]
	msedgedriver!(No symbol) [0x7ff6ca18a2ec]
	msedgedriver!(No symbol) [0x7ff6ca189546]
	msedgedriver!(No symbol) [0x7ff6ca18a113]
	msedgedriver!(No symbol) [0x7ff6ca252519]
	msedgedriver!(No symbol) [0x7ff6ca24ec93]
	msedgedriver!(No symbol) [0x7ff6ca25f182]
	msedgedriver!GetHandleVerifier [0x7ff6ca43aa68+2a8c8]
	msedgedriver!GetHandleVerifier [0x7ff6ca4432f6+33156]
	msedgedriver!GetHandleVerifier [0x7ff6ca425724+15584]
	msedgedriver!GetHandleVerifier [0x7ff6ca425845+156a5]
	msedgedriver!GetHandleVerifier [0x7ff6ca412b63+29c3]
	KERNEL32!BaseThreadInitThunk [0x7ffdda8f7374+14]
	ntdll!RtlUserThreadStart [0x7ffddc19cc91+21]

2026-05-18 17:14:52,208 ERROR [base.py(fd_element:34)] - 元素定位超时，定位信息：('class name', "button[value='注册']")，错误详情：Message: 
Stacktrace:
	msedgedriver!GetHandleVerifier [0x7ff6ca41e295+e0f5]
	msedgedriver!GetHandleVerifier [0x7ff6ca41e2f4+e154]
	msedgedriver!GetHandleVerifier [0x7ff6ca798bca+388a2a]
	msedgedriver!(No symbol) [0x7ff6ca193e3c]
	msedgedriver!(No symbol) [0x7ff6ca1940a5]
	msedgedriver!(No symbol) [0x7ff6ca1d1357]
	msedgedriver!(No symbol) [0x7ff6ca18aaa7]
	msedgedriver!(No symbol) [0x7ff6ca1cf0b2]
	msedgedriver!(No symbol) [0x7ff6ca18a2ec]
	msedgedriver!(No symbol) [0x7ff6ca189546]
	msedgedriver!(No symbol) [0x7ff6ca18a113]
	msedgedriver!(No symbol) [0x7ff6ca252519]
	msedgedriver!(No symbol) [0x7ff6ca24ec93]
	msedgedriver!(No symbol) [0x7ff6ca25f182]
	msedgedriver!GetHandleVerifier [0x7ff6ca43aa68+2a8c8]
	msedgedriver!GetHandleVerifier [0x7ff6ca4432f6+33156]
	msedgedriver!GetHandleVerifier [0x7ff6ca425724+15584]
	msedgedriver!GetHandleVerifier [0x7ff6ca425845+156a5]
	msedgedriver!GetHandleVerifier [0x7ff6ca412b63+29c3]
	KERNEL32!BaseThreadInitThunk [0x7ffdda8f7374+14]
	ntdll!RtlUserThreadStart [0x7ffddc19cc91+21]

2026-05-18 17:14:52,208 ERROR [test_register.py(test_01_register_fail:36)] - 测试执行过程中发生异常: Message: 
Stacktrace:
	msedgedriver!GetHandleVerifier [0x7ff6ca41e295+e0f5]
	msedgedriver!GetHandleVerifier [0x7ff6ca41e2f4+e154]
	msedgedriver!GetHandleVerifier [0x7ff6ca798bca+388a2a]
	msedgedriver!(No symbol) [0x7ff6ca193e3c]
	msedgedriver!(No symbol) [0x7ff6ca1940a5]
	msedgedriver!(No symbol) [0x7ff6ca1d1357]
	msedgedriver!(No symbol) [0x7ff6ca18aaa7]
	msedgedriver!(No symbol) [0x7ff6ca1cf0b2]
	msedgedriver!(No symbol) [0x7ff6ca18a2ec]
	msedgedriver!(No symbol) [0x7ff6ca189546]
	msedgedriver!(No symbol) [0x7ff6ca18a113]
	msedgedriver!(No symbol) [0x7ff6ca252519]
	msedgedriver!(No symbol) [0x7ff6ca24ec93]
	msedgedriver!(No symbol) [0x7ff6ca25f182]
	msedgedriver!GetHandleVerifier [0x7ff6ca43aa68+2a8c8]
	msedgedriver!GetHandleVerifier [0x7ff6ca4432f6+33156]
	msedgedriver!GetHandleVerifier [0x7ff6ca425724+15584]
	msedgedriver!GetHandleVerifier [0x7ff6ca425845+156a5]
	msedgedriver!GetHandleVerifier [0x7ff6ca412b63+29c3]
	KERNEL32!BaseThreadInitThunk [0x7ffdda8f7374+14]
	ntdll!RtlUserThreadStart [0x7ffddc19cc91+21]

2026-05-18 17:15:10,289 ERROR [base.py(fd_element:34)] - 元素定位超时，定位信息：('class name', "button[value='注册']")，错误详情：Message: 
Stacktrace:
	msedgedriver!GetHandleVerifier [0x7ff6ca41e295+e0f5]
	msedgedriver!GetHandleVerifier [0x7ff6ca41e2f4+e154]
	msedgedriver!GetHandleVerifier [0x7ff6ca798bca+388a2a]
	msedgedriver!(No symbol) [0x7ff6ca193e3c]
	msedgedriver!(No symbol) [0x7ff6ca1940a5]
	msedgedriver!(No symbol) [0x7ff6ca1d1357]
	msedgedriver!(No symbol) [0x7ff6ca18aaa7]
	msedgedriver!(No symbol) [0x7ff6ca1cf0b2]
	msedgedriver!(No symbol) [0x7ff6ca18a2ec]
	msedgedriver!(No symbol) [0x7ff6ca189546]
	msedgedriver!(No symbol) [0x7ff6ca18a113]
	msedgedriver!(No symbol) [0x7ff6ca252519]
	msedgedriver!(No symbol) [0x7ff6ca24ec93]
	msedgedriver!(No symbol) [0x7ff6ca25f182]
	msedgedriver!GetHandleVerifier [0x7ff6ca43aa68+2a8c8]
	msedgedriver!GetHandleVerifier [0x7ff6ca4432f6+33156]
	msedgedriver!GetHandleVerifier [0x7ff6ca425724+15584]
	msedgedriver!GetHandleVerifier [0x7ff6ca425845+156a5]
	msedgedriver!GetHandleVerifier [0x7ff6ca412b63+29c3]
	KERNEL32!BaseThreadInitThunk [0x7ffdda8f7374+14]
	ntdll!RtlUserThreadStart [0x7ffddc19cc91+21]

2026-05-18 17:15:10,289 ERROR [test_register.py(test_01_register_fail:36)] - 测试执行过程中发生异常: Message: 
Stacktrace:
	msedgedriver!GetHandleVerifier [0x7ff6ca41e295+e0f5]
	msedgedriver!GetHandleVerifier [0x7ff6ca41e2f4+e154]
	msedgedriver!GetHandleVerifier [0x7ff6ca798bca+388a2a]
	msedgedriver!(No symbol) [0x7ff6ca193e3c]
	msedgedriver!(No symbol) [0x7ff6ca1940a5]
	msedgedriver!(No symbol) [0x7ff6ca1d1357]
	msedgedriver!(No symbol) [0x7ff6ca18aaa7]
	msedgedriver!(No symbol) [0x7ff6ca1cf0b2]
	msedgedriver!(No symbol) [0x7ff6ca18a2ec]
	msedgedriver!(No symbol) [0x7ff6ca189546]
	msedgedriver!(No symbol) [0x7ff6ca18a113]
	msedgedriver!(No symbol) [0x7ff6ca252519]
	msedgedriver!(No symbol) [0x7ff6ca24ec93]
	msedgedriver!(No symbol) [0x7ff6ca25f182]
	msedgedriver!GetHandleVerifier [0x7ff6ca43aa68+2a8c8]
	msedgedriver!GetHandleVerifier [0x7ff6ca4432f6+33156]
	msedgedriver!GetHandleVerifier [0x7ff6ca425724+15584]
	msedgedriver!GetHandleVerifier [0x7ff6ca425845+156a5]
	msedgedriver!GetHandleVerifier [0x7ff6ca412b63+29c3]
	KERNEL32!BaseThreadInitThunk [0x7ffdda8f7374+14]
	ntdll!RtlUserThreadStart [0x7ffddc19cc91+21]

2026-05-18 17:15:28,600 ERROR [base.py(fd_element:34)] - 元素定位超时，定位信息：('class name', "button[value='注册']")，错误详情：Message: 
Stacktrace:
	msedgedriver!GetHandleVerifier [0x7ff6ca41e295+e0f5]
	msedgedriver!GetHandleVerifier [0x7ff6ca41e2f4+e154]
	msedgedriver!GetHandleVerifier [0x7ff6ca798bca+388a2a]
	msedgedriver!(No symbol) [0x7ff6ca193e3c]
	msedgedriver!(No symbol) [0x7ff6ca1940a5]
	msedgedriver!(No symbol) [0x7ff6ca1d1357]
	msedgedriver!(No symbol) [0x7ff6ca18aaa7]
	msedgedriver!(No symbol) [0x7ff6ca1cf0b2]
	msedgedriver!(No symbol) [0x7ff6ca18a2ec]
	msedgedriver!(No symbol) [0x7ff6ca189546]
	msedgedriver!(No symbol) [0x7ff6ca18a113]
	msedgedriver!(No symbol) [0x7ff6ca252519]
	msedgedriver!(No symbol) [0x7ff6ca24ec93]
	msedgedriver!(No symbol) [0x7ff6ca25f182]
	msedgedriver!GetHandleVerifier [0x7ff6ca43aa68+2a8c8]
	msedgedriver!GetHandleVerifier [0x7ff6ca4432f6+33156]
	msedgedriver!GetHandleVerifier [0x7ff6ca425724+15584]
	msedgedriver!GetHandleVerifier [0x7ff6ca425845+156a5]
	msedgedriver!GetHandleVerifier [0x7ff6ca412b63+29c3]
	KERNEL32!BaseThreadInitThunk [0x7ffdda8f7374+14]
	ntdll!RtlUserThreadStart [0x7ffddc19cc91+21]

2026-05-18 17:15:28,600 ERROR [test_register.py(test_01_register_fail:36)] - 测试执行过程中发生异常: Message: 
Stacktrace:
	msedgedriver!GetHandleVerifier [0x7ff6ca41e295+e0f5]
	msedgedriver!GetHandleVerifier [0x7ff6ca41e2f4+e154]
	msedgedriver!GetHandleVerifier [0x7ff6ca798bca+388a2a]
	msedgedriver!(No symbol) [0x7ff6ca193e3c]
	msedgedriver!(No symbol) [0x7ff6ca1940a5]
	msedgedriver!(No symbol) [0x7ff6ca1d1357]
	msedgedriver!(No symbol) [0x7ff6ca18aaa7]
	msedgedriver!(No symbol) [0x7ff6ca1cf0b2]
	msedgedriver!(No symbol) [0x7ff6ca18a2ec]
	msedgedriver!(No symbol) [0x7ff6ca189546]
	msedgedriver!(No symbol) [0x7ff6ca18a113]
	msedgedriver!(No symbol) [0x7ff6ca252519]
	msedgedriver!(No symbol) [0x7ff6ca24ec93]
	msedgedriver!(No symbol) [0x7ff6ca25f182]
	msedgedriver!GetHandleVerifier [0x7ff6ca43aa68+2a8c8]
	msedgedriver!GetHandleVerifier [0x7ff6ca4432f6+33156]
	msedgedriver!GetHandleVerifier [0x7ff6ca425724+15584]
	msedgedriver!GetHandleVerifier [0x7ff6ca425845+156a5]
	msedgedriver!GetHandleVerifier [0x7ff6ca412b63+29c3]
	KERNEL32!BaseThreadInitThunk [0x7ffdda8f7374+14]
	ntdll!RtlUserThreadStart [0x7ffddc19cc91+21]

2026-05-18 17:17:41,489 ERROR [base.py(fd_element:34)] - 元素定位超时，定位信息：('class name', 'body > div.body-content-container > div.body-content-formal-container > div.am-g.user-register-container.theme-data-edit-event > div > div > div.am-radius-lg.am-background-white > div > div.am-tabs-bd.am-border-0 > div.am-tab-panel.am-active.am-in > form > div.am-form-group.am-margin-top-main.am-padding-0 > button')，错误详情：Message: Compound class names are not allowed.; For documentation on this error, please visit: https://www.selenium.dev/documentation/webdriver/troubleshooting/errors#invalidselectorexception

2026-05-18 17:17:41,489 ERROR [test_register.py(test_01_register_fail:36)] - 测试执行过程中发生异常: Message: Compound class names are not allowed.; For documentation on this error, please visit: https://www.selenium.dev/documentation/webdriver/troubleshooting/errors#invalidselectorexception

2026-05-18 17:17:50,350 ERROR [base.py(fd_element:34)] - 元素定位超时，定位信息：('class name', 'body > div.body-content-container > div.body-content-formal-container > div.am-g.user-register-container.theme-data-edit-event > div > div > div.am-radius-lg.am-background-white > div > div.am-tabs-bd.am-border-0 > div.am-tab-panel.am-active.am-in > form > div.am-form-group.am-margin-top-main.am-padding-0 > button')，错误详情：Message: Compound class names are not allowed.; For documentation on this error, please visit: https://www.selenium.dev/documentation/webdriver/troubleshooting/errors#invalidselectorexception

2026-05-18 17:17:50,351 ERROR [test_register.py(test_01_register_fail:36)] - 测试执行过程中发生异常: Message: Compound class names are not allowed.; For documentation on this error, please visit: https://www.selenium.dev/documentation/webdriver/troubleshooting/errors#invalidselectorexception

