2026-05-18 20:42:51,535 ERROR [base.py(fd_element:41)] - 元素定位超时，定位信息：('class name', "em[value='注册成功']")，错误详情：Message: 
Stacktrace:
	msedgedriver!GetHandleVerifier [0x7ff796ade295+e0f5]
	msedgedriver!GetHandleVerifier [0x7ff796ade2f4+e154]
	msedgedriver!GetHandleVerifier [0x7ff796e58bca+388a2a]
	msedgedriver!(No symbol) [0x7ff796853e3c]
	msedgedriver!(No symbol) [0x7ff7968540a5]
	msedgedriver!(No symbol) [0x7ff796891357]
	msedgedriver!(No symbol) [0x7ff79684aaa7]
	msedgedriver!(No symbol) [0x7ff79688f0b2]
	msedgedriver!(No symbol) [0x7ff79684a2ec]
	msedgedriver!(No symbol) [0x7ff796849546]
	msedgedriver!(No symbol) [0x7ff79684a113]
	msedgedriver!(No symbol) [0x7ff796912519]
	msedgedriver!(No symbol) [0x7ff79690ec93]
	msedgedriver!(No symbol) [0x7ff79691f182]
	msedgedriver!GetHandleVerifier [0x7ff796afaa68+2a8c8]
	msedgedriver!GetHandleVerifier [0x7ff796b032f6+33156]
	msedgedriver!GetHandleVerifier [0x7ff796ae5724+15584]
	msedgedriver!GetHandleVerifier [0x7ff796ae5845+156a5]
	msedgedriver!GetHandleVerifier [0x7ff796ad2b63+29c3]
	KERNEL32!BaseThreadInitThunk [0x7ffdda8f7374+14]
	ntdll!RtlUserThreadStart [0x7ffddc19cc91+21]

2026-05-18 20:42:51,535 ERROR [test_register.py(test_02_register_success:52)] - 测试执行过程中发生异常: Message: 
Stacktrace:
	msedgedriver!GetHandleVerifier [0x7ff796ade295+e0f5]
	msedgedriver!GetHandleVerifier [0x7ff796ade2f4+e154]
	msedgedriver!GetHandleVerifier [0x7ff796e58bca+388a2a]
	msedgedriver!(No symbol) [0x7ff796853e3c]
	msedgedriver!(No symbol) [0x7ff7968540a5]
	msedgedriver!(No symbol) [0x7ff796891357]
	msedgedriver!(No symbol) [0x7ff79684aaa7]
	msedgedriver!(No symbol) [0x7ff79688f0b2]
	msedgedriver!(No symbol) [0x7ff79684a2ec]
	msedgedriver!(No symbol) [0x7ff796849546]
	msedgedriver!(No symbol) [0x7ff79684a113]
	msedgedriver!(No symbol) [0x7ff796912519]
	msedgedriver!(No symbol) [0x7ff79690ec93]
	msedgedriver!(No symbol) [0x7ff79691f182]
	msedgedriver!GetHandleVerifier [0x7ff796afaa68+2a8c8]
	msedgedriver!GetHandleVerifier [0x7ff796b032f6+33156]
	msedgedriver!GetHandleVerifier [0x7ff796ae5724+15584]
	msedgedriver!GetHandleVerifier [0x7ff796ae5845+156a5]
	msedgedriver!GetHandleVerifier [0x7ff796ad2b63+29c3]
	KERNEL32!BaseThreadInitThunk [0x7ffdda8f7374+14]
	ntdll!RtlUserThreadStart [0x7ffddc19cc91+21]

2026-05-18 20:43:45,495 ERROR [base.py(fd_element:41)] - 元素定位超时，定位信息：('class name', "em[value='注册成功']")，错误详情：Message: 
Stacktrace:
	msedgedriver!GetHandleVerifier [0x7ff796ade295+e0f5]
	msedgedriver!GetHandleVerifier [0x7ff796ade2f4+e154]
	msedgedriver!GetHandleVerifier [0x7ff796e58bca+388a2a]
	msedgedriver!(No symbol) [0x7ff796853e3c]
	msedgedriver!(No symbol) [0x7ff7968540a5]
	msedgedriver!(No symbol) [0x7ff796891357]
	msedgedriver!(No symbol) [0x7ff79684aaa7]
	msedgedriver!(No symbol) [0x7ff79688f0b2]
	msedgedriver!(No symbol) [0x7ff79684a2ec]
	msedgedriver!(No symbol) [0x7ff796849546]
	msedgedriver!(No symbol) [0x7ff79684a113]
	msedgedriver!(No symbol) [0x7ff796912519]
	msedgedriver!(No symbol) [0x7ff79690ec93]
	msedgedriver!(No symbol) [0x7ff79691f182]
	msedgedriver!GetHandleVerifier [0x7ff796afaa68+2a8c8]
	msedgedriver!GetHandleVerifier [0x7ff796b032f6+33156]
	msedgedriver!GetHandleVerifier [0x7ff796ae5724+15584]
	msedgedriver!GetHandleVerifier [0x7ff796ae5845+156a5]
	msedgedriver!GetHandleVerifier [0x7ff796ad2b63+29c3]
	KERNEL32!BaseThreadInitThunk [0x7ffdda8f7374+14]
	ntdll!RtlUserThreadStart [0x7ffddc19cc91+21]

2026-05-18 20:43:45,496 ERROR [test_register.py(test_02_register_success:52)] - 测试执行过程中发生异常: Message: 
Stacktrace:
	msedgedriver!GetHandleVerifier [0x7ff796ade295+e0f5]
	msedgedriver!GetHandleVerifier [0x7ff796ade2f4+e154]
	msedgedriver!GetHandleVerifier [0x7ff796e58bca+388a2a]
	msedgedriver!(No symbol) [0x7ff796853e3c]
	msedgedriver!(No symbol) [0x7ff7968540a5]
	msedgedriver!(No symbol) [0x7ff796891357]
	msedgedriver!(No symbol) [0x7ff79684aaa7]
	msedgedriver!(No symbol) [0x7ff79688f0b2]
	msedgedriver!(No symbol) [0x7ff79684a2ec]
	msedgedriver!(No symbol) [0x7ff796849546]
	msedgedriver!(No symbol) [0x7ff79684a113]
	msedgedriver!(No symbol) [0x7ff796912519]
	msedgedriver!(No symbol) [0x7ff79690ec93]
	msedgedriver!(No symbol) [0x7ff79691f182]
	msedgedriver!GetHandleVerifier [0x7ff796afaa68+2a8c8]
	msedgedriver!GetHandleVerifier [0x7ff796b032f6+33156]
	msedgedriver!GetHandleVerifier [0x7ff796ae5724+15584]
	msedgedriver!GetHandleVerifier [0x7ff796ae5845+156a5]
	msedgedriver!GetHandleVerifier [0x7ff796ad2b63+29c3]
	KERNEL32!BaseThreadInitThunk [0x7ffdda8f7374+14]
	ntdll!RtlUserThreadStart [0x7ffddc19cc91+21]

2026-05-18 20:46:06,008 ERROR [base.py(fd_element:41)] - 元素定位超时，定位信息：('class name', "em[value='，欢迎来到']")，错误详情：Message: 
Stacktrace:
	msedgedriver!GetHandleVerifier [0x7ff796ade295+e0f5]
	msedgedriver!GetHandleVerifier [0x7ff796ade2f4+e154]
	msedgedriver!GetHandleVerifier [0x7ff796e58bca+388a2a]
	msedgedriver!(No symbol) [0x7ff796853e3c]
	msedgedriver!(No symbol) [0x7ff7968540a5]
	msedgedriver!(No symbol) [0x7ff796891357]
	msedgedriver!(No symbol) [0x7ff79684aaa7]
	msedgedriver!(No symbol) [0x7ff79688f0b2]
	msedgedriver!(No symbol) [0x7ff79684a2ec]
	msedgedriver!(No symbol) [0x7ff796849546]
	msedgedriver!(No symbol) [0x7ff79684a113]
	msedgedriver!(No symbol) [0x7ff796912519]
	msedgedriver!(No symbol) [0x7ff79690ec93]
	msedgedriver!(No symbol) [0x7ff79691f182]
	msedgedriver!GetHandleVerifier [0x7ff796afaa68+2a8c8]
	msedgedriver!GetHandleVerifier [0x7ff796b032f6+33156]
	msedgedriver!GetHandleVerifier [0x7ff796ae5724+15584]
	msedgedriver!GetHandleVerifier [0x7ff796ae5845+156a5]
	msedgedriver!GetHandleVerifier [0x7ff796ad2b63+29c3]
	KERNEL32!BaseThreadInitThunk [0x7ffdda8f7374+14]
	ntdll!RtlUserThreadStart [0x7ffddc19cc91+21]

2026-05-18 20:46:06,008 ERROR [test_register.py(test_02_register_success:52)] - 测试执行过程中发生异常: Message: 
Stacktrace:
	msedgedriver!GetHandleVerifier [0x7ff796ade295+e0f5]
	msedgedriver!GetHandleVerifier [0x7ff796ade2f4+e154]
	msedgedriver!GetHandleVerifier [0x7ff796e58bca+388a2a]
	msedgedriver!(No symbol) [0x7ff796853e3c]
	msedgedriver!(No symbol) [0x7ff7968540a5]
	msedgedriver!(No symbol) [0x7ff796891357]
	msedgedriver!(No symbol) [0x7ff79684aaa7]
	msedgedriver!(No symbol) [0x7ff79688f0b2]
	msedgedriver!(No symbol) [0x7ff79684a2ec]
	msedgedriver!(No symbol) [0x7ff796849546]
	msedgedriver!(No symbol) [0x7ff79684a113]
	msedgedriver!(No symbol) [0x7ff796912519]
	msedgedriver!(No symbol) [0x7ff79690ec93]
	msedgedriver!(No symbol) [0x7ff79691f182]
	msedgedriver!GetHandleVerifier [0x7ff796afaa68+2a8c8]
	msedgedriver!GetHandleVerifier [0x7ff796b032f6+33156]
	msedgedriver!GetHandleVerifier [0x7ff796ae5724+15584]
	msedgedriver!GetHandleVerifier [0x7ff796ae5845+156a5]
	msedgedriver!GetHandleVerifier [0x7ff796ad2b63+29c3]
	KERNEL32!BaseThreadInitThunk [0x7ffdda8f7374+14]
	ntdll!RtlUserThreadStart [0x7ffddc19cc91+21]

2026-05-18 20:52:08,944 ERROR [base.py(fd_element:41)] - 元素定位超时，定位信息：('class name', "em[value='，欢迎来到']")，错误详情：Message: invalid session id: session deleted as the browser has closed the connection
from disconnected: unable to send message to renderer
  (Session info: MicrosoftEdge=148.0.3967.54); For documentation on this error, please visit: https://www.selenium.dev/documentation/webdriver/troubleshooting/errors#invalidsessionidexception
Stacktrace:
	msedgedriver!GetHandleVerifier [0x7ff796ade295+e0f5]
	msedgedriver!GetHandleVerifier [0x7ff796ade2f4+e154]
	msedgedriver!GetHandleVerifier [0x7ff796e58bca+388a2a]
	msedgedriver!(No symbol) [0x7ff7967fcc2f]
	msedgedriver!(No symbol) [0x7ff7967fcbec]
	msedgedriver!(No symbol) [0x7ff7967fb641]
	msedgedriver!(No symbol) [0x7ff7967fc08f]
	msedgedriver!(No symbol) [0x7ff79680f33f]
	msedgedriver!(No symbol) [0x7ff79680fa6e]
	msedgedriver!(No symbol) [0x7ff7968131d5]
	msedgedriver!(No symbol) [0x7ff79681329f]
	msedgedriver!(No symbol) [0x7ff796853935]
	msedgedriver!(No symbol) [0x7ff7968540a5]
	msedgedriver!(No symbol) [0x7ff796891357]
	msedgedriver!(No symbol) [0x7ff79684aaa7]
	msedgedriver!(No symbol) [0x7ff79688f0b2]
	msedgedriver!(No symbol) [0x7ff79684a2ec]
	msedgedriver!(No symbol) [0x7ff796849546]
	msedgedriver!(No symbol) [0x7ff79684a113]
	msedgedriver!(No symbol) [0x7ff796912519]
	msedgedriver!(No symbol) [0x7ff79690ec93]
	msedgedriver!(No symbol) [0x7ff79691f182]
	msedgedriver!GetHandleVerifier [0x7ff796afaa68+2a8c8]
	msedgedriver!GetHandleVerifier [0x7ff796b032f6+33156]
	msedgedriver!GetHandleVerifier [0x7ff796ae5724+15584]
	msedgedriver!GetHandleVerifier [0x7ff796ae5845+156a5]
	msedgedriver!GetHandleVerifier [0x7ff796ad2b63+29c3]
	KERNEL32!BaseThreadInitThunk [0x7ffdda8f7374+14]
	ntdll!RtlUserThreadStart [0x7ffddc19cc91+21]

2026-05-18 20:52:08,944 ERROR [test_register.py(test_02_register_success:52)] - 测试执行过程中发生异常: Message: invalid session id: session deleted as the browser has closed the connection
from disconnected: unable to send message to renderer
  (Session info: MicrosoftEdge=148.0.3967.54); For documentation on this error, please visit: https://www.selenium.dev/documentation/webdriver/troubleshooting/errors#invalidsessionidexception
Stacktrace:
	msedgedriver!GetHandleVerifier [0x7ff796ade295+e0f5]
	msedgedriver!GetHandleVerifier [0x7ff796ade2f4+e154]
	msedgedriver!GetHandleVerifier [0x7ff796e58bca+388a2a]
	msedgedriver!(No symbol) [0x7ff7967fcc2f]
	msedgedriver!(No symbol) [0x7ff7967fcbec]
	msedgedriver!(No symbol) [0x7ff7967fb641]
	msedgedriver!(No symbol) [0x7ff7967fc08f]
	msedgedriver!(No symbol) [0x7ff79680f33f]
	msedgedriver!(No symbol) [0x7ff79680fa6e]
	msedgedriver!(No symbol) [0x7ff7968131d5]
	msedgedriver!(No symbol) [0x7ff79681329f]
	msedgedriver!(No symbol) [0x7ff796853935]
	msedgedriver!(No symbol) [0x7ff7968540a5]
	msedgedriver!(No symbol) [0x7ff796891357]
	msedgedriver!(No symbol) [0x7ff79684aaa7]
	msedgedriver!(No symbol) [0x7ff79688f0b2]
	msedgedriver!(No symbol) [0x7ff79684a2ec]
	msedgedriver!(No symbol) [0x7ff796849546]
	msedgedriver!(No symbol) [0x7ff79684a113]
	msedgedriver!(No symbol) [0x7ff796912519]
	msedgedriver!(No symbol) [0x7ff79690ec93]
	msedgedriver!(No symbol) [0x7ff79691f182]
	msedgedriver!GetHandleVerifier [0x7ff796afaa68+2a8c8]
	msedgedriver!GetHandleVerifier [0x7ff796b032f6+33156]
	msedgedriver!GetHandleVerifier [0x7ff796ae5724+15584]
	msedgedriver!GetHandleVerifier [0x7ff796ae5845+156a5]
	msedgedriver!GetHandleVerifier [0x7ff796ad2b63+29c3]
	KERNEL32!BaseThreadInitThunk [0x7ffdda8f7374+14]
	ntdll!RtlUserThreadStart [0x7ffddc19cc91+21]

2026-05-18 20:53:44,883 ERROR [base.py(fd_element:41)] - 元素定位超时，定位信息：('class name', "em[value='，欢迎来到']")，错误详情：Message: 
Stacktrace:
	msedgedriver!GetHandleVerifier [0x7ff796ade295+e0f5]
	msedgedriver!GetHandleVerifier [0x7ff796ade2f4+e154]
	msedgedriver!GetHandleVerifier [0x7ff796e58bca+388a2a]
	msedgedriver!(No symbol) [0x7ff796853e3c]
	msedgedriver!(No symbol) [0x7ff7968540a5]
	msedgedriver!(No symbol) [0x7ff796891357]
	msedgedriver!(No symbol) [0x7ff79684aaa7]
	msedgedriver!(No symbol) [0x7ff79688f0b2]
	msedgedriver!(No symbol) [0x7ff79684a2ec]
	msedgedriver!(No symbol) [0x7ff796849546]
	msedgedriver!(No symbol) [0x7ff79684a113]
	msedgedriver!(No symbol) [0x7ff796912519]
	msedgedriver!(No symbol) [0x7ff79690ec93]
	msedgedriver!(No symbol) [0x7ff79691f182]
	msedgedriver!GetHandleVerifier [0x7ff796afaa68+2a8c8]
	msedgedriver!GetHandleVerifier [0x7ff796b032f6+33156]
	msedgedriver!GetHandleVerifier [0x7ff796ae5724+15584]
	msedgedriver!GetHandleVerifier [0x7ff796ae5845+156a5]
	msedgedriver!GetHandleVerifier [0x7ff796ad2b63+29c3]
	KERNEL32!BaseThreadInitThunk [0x7ffdda8f7374+14]
	ntdll!RtlUserThreadStart [0x7ffddc19cc91+21]

2026-05-18 20:53:44,883 ERROR [test_register.py(test_02_register_success:52)] - 测试执行过程中发生异常: Message: 
Stacktrace:
	msedgedriver!GetHandleVerifier [0x7ff796ade295+e0f5]
	msedgedriver!GetHandleVerifier [0x7ff796ade2f4+e154]
	msedgedriver!GetHandleVerifier [0x7ff796e58bca+388a2a]
	msedgedriver!(No symbol) [0x7ff796853e3c]
	msedgedriver!(No symbol) [0x7ff7968540a5]
	msedgedriver!(No symbol) [0x7ff796891357]
	msedgedriver!(No symbol) [0x7ff79684aaa7]
	msedgedriver!(No symbol) [0x7ff79688f0b2]
	msedgedriver!(No symbol) [0x7ff79684a2ec]
	msedgedriver!(No symbol) [0x7ff796849546]
	msedgedriver!(No symbol) [0x7ff79684a113]
	msedgedriver!(No symbol) [0x7ff796912519]
	msedgedriver!(No symbol) [0x7ff79690ec93]
	msedgedriver!(No symbol) [0x7ff79691f182]
	msedgedriver!GetHandleVerifier [0x7ff796afaa68+2a8c8]
	msedgedriver!GetHandleVerifier [0x7ff796b032f6+33156]
	msedgedriver!GetHandleVerifier [0x7ff796ae5724+15584]
	msedgedriver!GetHandleVerifier [0x7ff796ae5845+156a5]
	msedgedriver!GetHandleVerifier [0x7ff796ad2b63+29c3]
	KERNEL32!BaseThreadInitThunk [0x7ffdda8f7374+14]
	ntdll!RtlUserThreadStart [0x7ffddc19cc91+21]

2026-05-18 20:55:31,067 ERROR [base.py(fd_element:41)] - 元素定位超时，定位信息：('xpath', "//*[contains(text(), '欢迎来到')]")，错误详情：Message: invalid session id: session deleted as the browser has closed the connection
from disconnected: unable to send message to renderer
  (Session info: MicrosoftEdge=148.0.3967.54); For documentation on this error, please visit: https://www.selenium.dev/documentation/webdriver/troubleshooting/errors#invalidsessionidexception
Stacktrace:
	msedgedriver!GetHandleVerifier [0x7ff796ade295+e0f5]
	msedgedriver!GetHandleVerifier [0x7ff796ade2f4+e154]
	msedgedriver!GetHandleVerifier [0x7ff796e58bca+388a2a]
	msedgedriver!(No symbol) [0x7ff7967fcc2f]
	msedgedriver!(No symbol) [0x7ff7967fcbec]
	msedgedriver!(No symbol) [0x7ff7967fb641]
	msedgedriver!(No symbol) [0x7ff7967fc08f]
	msedgedriver!(No symbol) [0x7ff79680f33f]
	msedgedriver!(No symbol) [0x7ff79680fa6e]
	msedgedriver!(No symbol) [0x7ff7968131d5]
	msedgedriver!(No symbol) [0x7ff79681329f]
	msedgedriver!(No symbol) [0x7ff796853935]
	msedgedriver!(No symbol) [0x7ff7968540a5]
	msedgedriver!(No symbol) [0x7ff796891357]
	msedgedriver!(No symbol) [0x7ff79684aaa7]
	msedgedriver!(No symbol) [0x7ff79688f0b2]
	msedgedriver!(No symbol) [0x7ff79684a2ec]
	msedgedriver!(No symbol) [0x7ff796849546]
	msedgedriver!(No symbol) [0x7ff79684a113]
	msedgedriver!(No symbol) [0x7ff796912519]
	msedgedriver!(No symbol) [0x7ff79690ec93]
	msedgedriver!(No symbol) [0x7ff79691f182]
	msedgedriver!GetHandleVerifier [0x7ff796afaa68+2a8c8]
	msedgedriver!GetHandleVerifier [0x7ff796b032f6+33156]
	msedgedriver!GetHandleVerifier [0x7ff796ae5724+15584]
	msedgedriver!GetHandleVerifier [0x7ff796ae5845+156a5]
	msedgedriver!GetHandleVerifier [0x7ff796ad2b63+29c3]
	KERNEL32!BaseThreadInitThunk [0x7ffdda8f7374+14]
	ntdll!RtlUserThreadStart [0x7ffddc19cc91+21]

2026-05-18 20:55:31,067 ERROR [test_register.py(test_02_register_success:52)] - 测试执行过程中发生异常: Message: invalid session id: session deleted as the browser has closed the connection
from disconnected: unable to send message to renderer
  (Session info: MicrosoftEdge=148.0.3967.54); For documentation on this error, please visit: https://www.selenium.dev/documentation/webdriver/troubleshooting/errors#invalidsessionidexception
Stacktrace:
	msedgedriver!GetHandleVerifier [0x7ff796ade295+e0f5]
	msedgedriver!GetHandleVerifier [0x7ff796ade2f4+e154]
	msedgedriver!GetHandleVerifier [0x7ff796e58bca+388a2a]
	msedgedriver!(No symbol) [0x7ff7967fcc2f]
	msedgedriver!(No symbol) [0x7ff7967fcbec]
	msedgedriver!(No symbol) [0x7ff7967fb641]
	msedgedriver!(No symbol) [0x7ff7967fc08f]
	msedgedriver!(No symbol) [0x7ff79680f33f]
	msedgedriver!(No symbol) [0x7ff79680fa6e]
	msedgedriver!(No symbol) [0x7ff7968131d5]
	msedgedriver!(No symbol) [0x7ff79681329f]
	msedgedriver!(No symbol) [0x7ff796853935]
	msedgedriver!(No symbol) [0x7ff7968540a5]
	msedgedriver!(No symbol) [0x7ff796891357]
	msedgedriver!(No symbol) [0x7ff79684aaa7]
	msedgedriver!(No symbol) [0x7ff79688f0b2]
	msedgedriver!(No symbol) [0x7ff79684a2ec]
	msedgedriver!(No symbol) [0x7ff796849546]
	msedgedriver!(No symbol) [0x7ff79684a113]
	msedgedriver!(No symbol) [0x7ff796912519]
	msedgedriver!(No symbol) [0x7ff79690ec93]
	msedgedriver!(No symbol) [0x7ff79691f182]
	msedgedriver!GetHandleVerifier [0x7ff796afaa68+2a8c8]
	msedgedriver!GetHandleVerifier [0x7ff796b032f6+33156]
	msedgedriver!GetHandleVerifier [0x7ff796ae5724+15584]
	msedgedriver!GetHandleVerifier [0x7ff796ae5845+156a5]
	msedgedriver!GetHandleVerifier [0x7ff796ad2b63+29c3]
	KERNEL32!BaseThreadInitThunk [0x7ffdda8f7374+14]
	ntdll!RtlUserThreadStart [0x7ffddc19cc91+21]

